1537585306389	geckodriver	INFO	geckodriver 0.20.1
1537585306412	geckodriver	INFO	Listening on 127.0.0.1:7543
1537585309447	mozrunner::runner	INFO	Running command: "D:\\Program Files\\Mozilla Firefox\\firefox.exe" "-marionette" "-profile" "C:\\Users\\LZP\\AppData\\Local\\Temp\\rust_mozprofile.9x9WpIE8iDRd"
1537585315022	Marionette	INFO	Listening on port 2828
[GPU 10504] WARNING: pipe error: 109: file c:/builds/moz2_slave/m-rel-w64-00000000000000000000/build/src/ipc/chromium/src/chrome/common/ipc_channel_win.cc, line 346
[GPU 10504] WARNING: pipe error: 109: file c:/builds/moz2_slave/m-rel-w64-00000000000000000000/build/src/ipc/chromium/src/chrome/common/ipc_channel_win.cc, line 346
[Child 9752] WARNING: pipe error: 109: file c:/builds/moz2_slave/m-rel-w64-00000000000000000000/build/src/ipc/chromium/src/chrome/common/ipc_channel_win.cc, line 346
[Child 9752] WARNING: pipe error: 109: file c:/builds/moz2_slave/m-rel-w64-0
###!!! [Child][MessageChannel::SendAndWait] Error: Channel error: cannot send/recv

1537585349762	geckodriver	INFO	geckodriver 0.20.1
1537585349777	geckodriver	INFO	Listening on 127.0.0.1:7672
1537585352829	mozrunner::runner	INFO	Running command: "D:\\Program Files\\Mozilla Firefox\\firefox.exe" "-marionette" "-profile" "C:\\Users\\LZP\\AppData\\Local\\Temp\\rust_mozprofile.tCwzX5PSr4cU"
1537585355806	Marionette	INFO	Listening on port 2828
[GPU 12024] WARNING: pipe error: 109: file c:/builds/moz2_slave/m-rel-w64-00000000000000000000/build/src/ipc/chromium/src/chrome/common/ipc_channel_win.cc, line 346
[GPU 12024] WARNING: pipe error: 109: file c:/builds/moz2_slave/m-rel-w64-00000000000000000000/build/src/ipc/chromium/src/chrome/common/ipc_channel_win.cc, line 346
[Child 10396] WARNING: pipe error: 109: file c:/builds/moz2_slave/m-rel-w64-00000000000000000000/build/src/ipc/chromium/src/chrome/common/ipc_channel_win.cc, line 346
[Child 10396] WARNING: pipe error: 109: 
###!!! [Child][MessageChannel::SendAndWait] Error: Channel error: cannot send/recv

1537585416142	geckodriver	INFO	geckodriver 0.20.1
1537585416156	geckodriver	INFO	Listening on 127.0.0.1:7863
1537585419185	mozrunner::runner	INFO	Running command: "D:\\Program Files\\Mozilla Firefox\\firefox.exe" "-marionette" "-profile" "C:\\Users\\LZP\\AppData\\Local\\Temp\\rust_mozprofile.2w7xvPUyiFF0"
1537585422165	Marionette	INFO	Listening on port 2828
[GPU 5040] WARNING: pipe error: 109: file c:/builds/moz2_slave/m-rel-w64-00000000000000000000/build/src/ipc/chromium/src/chrome/common/ipc_channel_win.cc, line 346
[Child 6012] WARNING: pipe error: 109: file c:/builds/moz2_slave/m-rel-w64-00000000000000000000/build/src/ipc/chromium/src/chrome/common/ipc_channel_win.cc, line 346
[Child 6012] WARNING: pipe error: 109: fi
###!!! [Child][MessageChannel::SendAndWait] Error: Channel error: cannot send/recv

1537585720316	geckodriver	INFO	geckodriver 0.20.1
1537585720331	geckodriver	INFO	Listening on 127.0.0.1:8627
1537585723365	mozrunner::runner	INFO	Running command: "D:\\Program Files\\Mozilla Firefox\\firefox.exe" "-marionette" "-profile" "C:\\Users\\LZP\\AppData\\Local\\Temp\\rust_mozprofile.TTMlNu7lpL3I"
1537585726704	Marionette	INFO	Listening on port 2828
*************************
A coding exception was thrown in a Promise resolution callback.
See https://developer.mozilla.org/Mozilla/JavaScript_code_modules/Promise.jsm/Promise

Full message: TypeError: this.panel.openPopup is not a function
Full stack: PopupNotifications_showPanel/<@resource://gre/modules/PopupNotifications.jsm:1015:7
process@resource://gre/modules/Promise.jsm -> resource://gre/modules/Promise-backend.js:917:23
walkerLoop@resource://gre/modules/Promise.jsm -> resource://gre/modules/Promise-backend.js:801:7
scheduleWalkerLoop/<@resource://gre/modules/Promise.jsm -> resource://gre/modules/Promise-backend.js:737:11
observe@resource://gre/modules/AsyncShutdown.jsm:550:9

*************************
[GPU 6860] WARNING: pipe error: 109: file c:/builds/moz2_slave/m-rel-w64-00000000000000000000/build/src/ipc/chromium/src/chrome/common/ipc_channel_win.cc, line 346

###!!! [Child][MessageChannel::SendAndWait] Error: Channel error: cannot send/recv

